c:\libraryprojects\scratchclientlibrary\clientlibrary\x64\debug\clientlibrary.pch
c:\libraryprojects\scratchclientlibrary\clientlibrary\x64\debug\vc143.pdb
c:\libraryprojects\scratchclientlibrary\clientlibrary\x64\debug\vc143.idb
c:\libraryprojects\scratchclientlibrary\clientlibrary\x64\debug\pch.obj
c:\libraryprojects\scratchclientlibrary\clientlibrary\x64\debug\scratchnetclient.obj
c:\libraryprojects\scratchclientlibrary\clientlibrary\x64\debug\networkobjectmanagement.obj
c:\libraryprojects\scratchclientlibrary\clientlibrary\x64\debug\dllmain.obj
c:\libraryprojects\scratchclientlibrary\x64\debug\clientlibrary.dll
c:\libraryprojects\scratchclientlibrary\x64\debug\clientlibrary.pdb
c:\libraryprojects\scratchclientlibrary\x64\debug\clientlibrary.lib
c:\libraryprojects\scratchclientlibrary\x64\debug\clientlibrary.exp
c:\libraryprojects\scratchclientlibrary\clientlibrary\x64\debug\clientlibrary.ilk
c:\libraryprojects\scratchclientlibrary\clientlibrary\x64\debug\clientlibrary.tlog\cl.command.1.tlog
c:\libraryprojects\scratchclientlibrary\clientlibrary\x64\debug\clientlibrary.tlog\cl.items.tlog
c:\libraryprojects\scratchclientlibrary\clientlibrary\x64\debug\clientlibrary.tlog\cl.read.1.tlog
c:\libraryprojects\scratchclientlibrary\clientlibrary\x64\debug\clientlibrary.tlog\cl.write.1.tlog
c:\libraryprojects\scratchclientlibrary\clientlibrary\x64\debug\clientlibrary.tlog\link.command.1.tlog
c:\libraryprojects\scratchclientlibrary\clientlibrary\x64\debug\clientlibrary.tlog\link.read.1.tlog
c:\libraryprojects\scratchclientlibrary\clientlibrary\x64\debug\clientlibrary.tlog\link.secondary.1.tlog
c:\libraryprojects\scratchclientlibrary\clientlibrary\x64\debug\clientlibrary.tlog\link.write.1.tlog
